[19-Jan-2024 16:57:15 UTC] WP_Post Object
(
    [ID] => 184
    [post_author] => 1
    [post_date] => 2024-01-19 16:57:15
    [post_date_gmt] => 2024-01-19 16:57:15
    [post_content] => 
    [post_title] => Драгомир Добрев официален сайт - Node.js програмист, PHP/WP програмист. Обичам да помагам на бизнеси
    [post_excerpt] => 
    [post_status] => publish
    [comment_status] => open
    [ping_status] => closed
    [post_password] => 
    [post_name] => %d0%b4%d1%80%d0%b0%d0%b3%d0%be%d0%bc%d0%b8%d1%80-%d0%b4%d0%be%d0%b1%d1%80%d0%b5%d0%b2-%d0%be%d1%84%d0%b8%d1%86%d0%b8%d0%b0%d0%bb%d0%b5%d0%bd-%d1%81%d0%b0%d0%b9%d1%82-node-js-%d0%bf%d1%80%d0%be%d0%b3-2
    [to_ping] => 
    [pinged] => 
    [post_modified] => 2024-01-19 16:57:15
    [post_modified_gmt] => 2024-01-19 16:57:15
    [post_content_filtered] => 
    [post_parent] => 0
    [guid] => http://localhost/?post_type=product&#038;p=184
    [menu_order] => 0
    [post_type] => product
    [post_mime_type] => 
    [comment_count] => 0
    [filter] => raw
)

[19-Jan-2024 16:57:15 UTC] product name length: 171
[19-Jan-2024 16:57:15 UTC] error determining meta description for Product ID: 184 and Product name: Драгомир Добрев официален сайт - Node.js програмист, PHP/WP програмист. Обичам да помагам на бизнеси
[19-Jan-2024 16:57:15 UTC] Undefined variable $formula on line 273 in C:\Users\Dell\Local Sites\test-api\app\public\wp-content\themes\twentytwentyfour\functions.php

[19-Jan-2024 16:57:15 UTC] preg_match(): Passing null to parameter #2 ($subject) of type string is deprecated on line 238 in C:\Users\Dell\Local Sites\test-api\app\public\wp-content\themes\twentytwentyfour\functions.php

[19-Jan-2024 16:57:15 UTC] Meta description updated successfully. Post ID184
[19-Jan-2024 16:59:12 UTC] WP_Post Object
(
    [ID] => 185
    [post_author] => 1
    [post_date] => 2024-01-19 16:59:12
    [post_date_gmt] => 2024-01-19 16:59:12
    [post_content] => 
    [post_title] => Драгомир Добрев официален сайт - Node.js програмист, PHP/WP програмист. Обичам да помагам на бизнеси
    [post_excerpt] => 
    [post_status] => publish
    [comment_status] => open
    [ping_status] => closed
    [post_password] => 
    [post_name] => %d0%b4%d1%80%d0%b0%d0%b3%d0%be%d0%bc%d0%b8%d1%80-%d0%b4%d0%be%d0%b1%d1%80%d0%b5%d0%b2-%d0%be%d1%84%d0%b8%d1%86%d0%b8%d0%b0%d0%bb%d0%b5%d0%bd-%d1%81%d0%b0%d0%b9%d1%82-node-js-%d0%bf%d1%80%d0%be%d0%b3-3
    [to_ping] => 
    [pinged] => 
    [post_modified] => 2024-01-19 16:59:12
    [post_modified_gmt] => 2024-01-19 16:59:12
    [post_content_filtered] => 
    [post_parent] => 0
    [guid] => http://localhost/?post_type=product&#038;p=185
    [menu_order] => 0
    [post_type] => product
    [post_mime_type] => 
    [comment_count] => 0
    [filter] => raw
)

[19-Jan-2024 16:59:13 UTC] product_name: Драгомир Добрев официален сайт - Node.js програмист, PHP/WP програмист. Обичам да помагам на бизнеси
[19-Jan-2024 16:59:13 UTC] product name length: 171
[19-Jan-2024 16:59:13 UTC] error determining meta description for Product ID: 185 and Product name: Драгомир Добрев официален сайт - Node.js програмист, PHP/WP програмист. Обичам да помагам на бизнеси
[19-Jan-2024 16:59:13 UTC] Undefined variable $formula on line 274 in C:\Users\Dell\Local Sites\test-api\app\public\wp-content\themes\twentytwentyfour\functions.php

[19-Jan-2024 16:59:13 UTC] preg_match(): Passing null to parameter #2 ($subject) of type string is deprecated on line 238 in C:\Users\Dell\Local Sites\test-api\app\public\wp-content\themes\twentytwentyfour\functions.php

[19-Jan-2024 16:59:13 UTC] Meta description updated successfully. Post ID185
