2024-01-16T09:34:56+00:00 CRITICAL Uncaught TypeError: error_log(): Argument #1 ($message) must be of type string, WP_Post given in C:\Users\Dell\Local Sites\test-api\app\public\wp-content\themes\twentytwentyfour\functions.php:209
Stack trace:
#0 C:\Users\Dell\Local Sites\test-api\app\public\wp-content\themes\twentytwentyfour\functions.php(209): error_log(Object(WP_Post), 'new', 'auto-draft')
#1 C:\Users\Dell\Local Sites\test-api\app\public\wp-includes\class-wp-hook.php(324): action_on_publishing_post('auto-draft', 'new', Object(WP_Post))
#2 C:\Users\Dell\Local Sites\test-api\app\public\wp-includes\class-wp-hook.php(348): WP_Hook->apply_filters(NULL, Array)
#3 C:\Users\Dell\Local Sites\test-api\app\public\wp-includes\plugin.php(517): WP_Hook->do_action(Array)
#4 C:\Users\Dell\Local Sites\test-api\app\public\wp-includes\post.php(5390): do_action('transition_post...', 'auto-draft', 'new', Object(WP_Post))
#5 C:\Users\Dell\Local Sites\test-api\app\public\wp-includes\post.php(4650): wp_transition_post_status('auto-draft', 'new', Object(WP_Post))
#6 C:\Users\Dell\Local Sites\test-api\app\public\wp-admin\includes\post.php(746): wp_insert_post(Array, false, false)
#7 C:\Users\Dell\Local Sites\test-api\app\public\wp-admin\post-new.php(66): get_default_post_to_edit('product', true)
#8 {main}
  thrown in C:\Users\Dell\Local Sites\test-api\app\public\wp-content\themes\twentytwentyfour\functions.php on line 209

2024-01-16T09:35:59+00:00 CRITICAL Uncaught TypeError: error_log(): Argument #1 ($message) must be of type string, WP_Post given in C:\Users\Dell\Local Sites\test-api\app\public\wp-content\themes\twentytwentyfour\functions.php:209
Stack trace:
#0 C:\Users\Dell\Local Sites\test-api\app\public\wp-content\themes\twentytwentyfour\functions.php(209): error_log(Object(WP_Post), 'new', 'auto-draft')
#1 C:\Users\Dell\Local Sites\test-api\app\public\wp-includes\class-wp-hook.php(324): action_on_publishing_post('auto-draft', 'new', Object(WP_Post))
#2 C:\Users\Dell\Local Sites\test-api\app\public\wp-includes\class-wp-hook.php(348): WP_Hook->apply_filters(NULL, Array)
#3 C:\Users\Dell\Local Sites\test-api\app\public\wp-includes\plugin.php(517): WP_Hook->do_action(Array)
#4 C:\Users\Dell\Local Sites\test-api\app\public\wp-includes\post.php(5390): do_action('transition_post...', 'auto-draft', 'new', Object(WP_Post))
#5 C:\Users\Dell\Local Sites\test-api\app\public\wp-includes\post.php(4650): wp_transition_post_status('auto-draft', 'new', Object(WP_Post))
#6 C:\Users\Dell\Local Sites\test-api\app\public\wp-admin\includes\post.php(746): wp_insert_post(Array, false, false)
#7 C:\Users\Dell\Local Sites\test-api\app\public\wp-admin\post-new.php(66): get_default_post_to_edit('product', true)
#8 {main}
  thrown in C:\Users\Dell\Local Sites\test-api\app\public\wp-content\themes\twentytwentyfour\functions.php on line 209

2024-01-16T09:36:01+00:00 CRITICAL Uncaught TypeError: error_log(): Argument #1 ($message) must be of type string, WP_Post given in C:\Users\Dell\Local Sites\test-api\app\public\wp-content\themes\twentytwentyfour\functions.php:209
Stack trace:
#0 C:\Users\Dell\Local Sites\test-api\app\public\wp-content\themes\twentytwentyfour\functions.php(209): error_log(Object(WP_Post), 'new', 'auto-draft')
#1 C:\Users\Dell\Local Sites\test-api\app\public\wp-includes\class-wp-hook.php(324): action_on_publishing_post('auto-draft', 'new', Object(WP_Post))
#2 C:\Users\Dell\Local Sites\test-api\app\public\wp-includes\class-wp-hook.php(348): WP_Hook->apply_filters(NULL, Array)
#3 C:\Users\Dell\Local Sites\test-api\app\public\wp-includes\plugin.php(517): WP_Hook->do_action(Array)
#4 C:\Users\Dell\Local Sites\test-api\app\public\wp-includes\post.php(5390): do_action('transition_post...', 'auto-draft', 'new', Object(WP_Post))
#5 C:\Users\Dell\Local Sites\test-api\app\public\wp-includes\post.php(4650): wp_transition_post_status('auto-draft', 'new', Object(WP_Post))
#6 C:\Users\Dell\Local Sites\test-api\app\public\wp-admin\includes\post.php(746): wp_insert_post(Array, false, false)
#7 C:\Users\Dell\Local Sites\test-api\app\public\wp-admin\post-new.php(66): get_default_post_to_edit('product', true)
#8 {main}
  thrown in C:\Users\Dell\Local Sites\test-api\app\public\wp-content\themes\twentytwentyfour\functions.php on line 209

2024-01-16T09:44:16+00:00 CRITICAL syntax error, unexpected token "if" in C:\Users\Dell\Local Sites\test-api\app\public\wp-content\themes\twentytwentyfour\functions.php on line 210

2024-01-16T09:44:17+00:00 CRITICAL syntax error, unexpected token "if" in C:\Users\Dell\Local Sites\test-api\app\public\wp-content\themes\twentytwentyfour\functions.php on line 210

2024-01-16T09:44:17+00:00 CRITICAL syntax error, unexpected token "if" in C:\Users\Dell\Local Sites\test-api\app\public\wp-content\themes\twentytwentyfour\functions.php on line 210

2024-01-16T09:44:17+00:00 CRITICAL syntax error, unexpected token "if" in C:\Users\Dell\Local Sites\test-api\app\public\wp-content\themes\twentytwentyfour\functions.php on line 210

2024-01-16T09:44:17+00:00 CRITICAL syntax error, unexpected token "if" in C:\Users\Dell\Local Sites\test-api\app\public\wp-content\themes\twentytwentyfour\functions.php on line 210

2024-01-16T09:44:18+00:00 CRITICAL syntax error, unexpected token "if" in C:\Users\Dell\Local Sites\test-api\app\public\wp-content\themes\twentytwentyfour\functions.php on line 210

2024-01-16T09:44:18+00:00 CRITICAL syntax error, unexpected token "if" in C:\Users\Dell\Local Sites\test-api\app\public\wp-content\themes\twentytwentyfour\functions.php on line 210

2024-01-16T09:44:47+00:00 CRITICAL Uncaught TypeError: error_log(): Argument #1 ($message) must be of type string, WP_Post given in C:\Users\Dell\Local Sites\test-api\app\public\wp-content\themes\twentytwentyfour\functions.php:209
Stack trace:
#0 C:\Users\Dell\Local Sites\test-api\app\public\wp-content\themes\twentytwentyfour\functions.php(209): error_log(Object(WP_Post))
#1 C:\Users\Dell\Local Sites\test-api\app\public\wp-includes\class-wp-hook.php(324): action_on_publishing_post('auto-draft', 'new', Object(WP_Post))
#2 C:\Users\Dell\Local Sites\test-api\app\public\wp-includes\class-wp-hook.php(348): WP_Hook->apply_filters(NULL, Array)
#3 C:\Users\Dell\Local Sites\test-api\app\public\wp-includes\plugin.php(517): WP_Hook->do_action(Array)
#4 C:\Users\Dell\Local Sites\test-api\app\public\wp-includes\post.php(5390): do_action('transition_post...', 'auto-draft', 'new', Object(WP_Post))
#5 C:\Users\Dell\Local Sites\test-api\app\public\wp-includes\post.php(4650): wp_transition_post_status('auto-draft', 'new', Object(WP_Post))
#6 C:\Users\Dell\Local Sites\test-api\app\public\wp-admin\includes\post.php(746): wp_insert_post(Array, false, false)
#7 C:\Users\Dell\Local Sites\test-api\app\public\wp-admin\post-new.php(66): get_default_post_to_edit('product', true)
#8 {main}
  thrown in C:\Users\Dell\Local Sites\test-api\app\public\wp-content\themes\twentytwentyfour\functions.php on line 209

2024-01-16T09:54:40+00:00 CRITICAL Uncaught TypeError: error_log(): Argument #1 ($message) must be of type string, WP_Post given in C:\Users\Dell\Local Sites\test-api\app\public\wp-content\themes\twentytwentyfour\functions.php:209
Stack trace:
#0 C:\Users\Dell\Local Sites\test-api\app\public\wp-content\themes\twentytwentyfour\functions.php(209): error_log(Object(WP_Post))
#1 C:\Users\Dell\Local Sites\test-api\app\public\wp-includes\class-wp-hook.php(324): action_on_publishing_post('auto-draft', 'new', Object(WP_Post))
#2 C:\Users\Dell\Local Sites\test-api\app\public\wp-includes\class-wp-hook.php(348): WP_Hook->apply_filters(NULL, Array)
#3 C:\Users\Dell\Local Sites\test-api\app\public\wp-includes\plugin.php(517): WP_Hook->do_action(Array)
#4 C:\Users\Dell\Local Sites\test-api\app\public\wp-includes\post.php(5390): do_action('transition_post...', 'auto-draft', 'new', Object(WP_Post))
#5 C:\Users\Dell\Local Sites\test-api\app\public\wp-includes\post.php(4650): wp_transition_post_status('auto-draft', 'new', Object(WP_Post))
#6 C:\Users\Dell\Local Sites\test-api\app\public\wp-admin\includes\post.php(746): wp_insert_post(Array, false, false)
#7 C:\Users\Dell\Local Sites\test-api\app\public\wp-admin\post-new.php(66): get_default_post_to_edit('product', true)
#8 {main}
  thrown in C:\Users\Dell\Local Sites\test-api\app\public\wp-content\themes\twentytwentyfour\functions.php on line 209

2024-01-16T09:58:43+00:00 CRITICAL Uncaught TypeError: error_log(): Argument #1 ($message) must be of type string, WP_Post given in C:\Users\Dell\Local Sites\test-api\app\public\wp-content\themes\twentytwentyfour\functions.php:209
Stack trace:
#0 C:\Users\Dell\Local Sites\test-api\app\public\wp-content\themes\twentytwentyfour\functions.php(209): error_log(Object(WP_Post), 'new', 'auto-draft')
#1 C:\Users\Dell\Local Sites\test-api\app\public\wp-includes\class-wp-hook.php(324): action_on_publishing_post('auto-draft', 'new', Object(WP_Post))
#2 C:\Users\Dell\Local Sites\test-api\app\public\wp-includes\class-wp-hook.php(348): WP_Hook->apply_filters(NULL, Array)
#3 C:\Users\Dell\Local Sites\test-api\app\public\wp-includes\plugin.php(517): WP_Hook->do_action(Array)
#4 C:\Users\Dell\Local Sites\test-api\app\public\wp-includes\post.php(5390): do_action('transition_post...', 'auto-draft', 'new', Object(WP_Post))
#5 C:\Users\Dell\Local Sites\test-api\app\public\wp-includes\post.php(4650): wp_transition_post_status('auto-draft', 'new', Object(WP_Post))
#6 C:\Users\Dell\Local Sites\test-api\app\public\wp-admin\includes\post.php(746): wp_insert_post(Array, false, false)
#7 C:\Users\Dell\Local Sites\test-api\app\public\wp-admin\post-new.php(66): get_default_post_to_edit('product', true)
#8 {main}
  thrown in C:\Users\Dell\Local Sites\test-api\app\public\wp-content\themes\twentytwentyfour\functions.php on line 209

2024-01-16T09:59:06+00:00 CRITICAL Uncaught TypeError: error_log(): Argument #1 ($message) must be of type string, WP_Post given in C:\Users\Dell\Local Sites\test-api\app\public\wp-content\themes\twentytwentyfour\functions.php:209
Stack trace:
#0 C:\Users\Dell\Local Sites\test-api\app\public\wp-content\themes\twentytwentyfour\functions.php(209): error_log(Object(WP_Post), 'new', 'auto-draft')
#1 C:\Users\Dell\Local Sites\test-api\app\public\wp-includes\class-wp-hook.php(324): action_on_publishing_post('auto-draft', 'new', Object(WP_Post))
#2 C:\Users\Dell\Local Sites\test-api\app\public\wp-includes\class-wp-hook.php(348): WP_Hook->apply_filters(NULL, Array)
#3 C:\Users\Dell\Local Sites\test-api\app\public\wp-includes\plugin.php(517): WP_Hook->do_action(Array)
#4 C:\Users\Dell\Local Sites\test-api\app\public\wp-includes\post.php(5390): do_action('transition_post...', 'auto-draft', 'new', Object(WP_Post))
#5 C:\Users\Dell\Local Sites\test-api\app\public\wp-includes\post.php(4650): wp_transition_post_status('auto-draft', 'new', Object(WP_Post))
#6 C:\Users\Dell\Local Sites\test-api\app\public\wp-admin\includes\post.php(746): wp_insert_post(Array, false, false)
#7 C:\Users\Dell\Local Sites\test-api\app\public\wp-admin\post-new.php(66): get_default_post_to_edit('product', true)
#8 {main}
  thrown in C:\Users\Dell\Local Sites\test-api\app\public\wp-content\themes\twentytwentyfour\functions.php on line 209

2024-01-16T10:29:44+00:00 CRITICAL Uncaught TypeError: error_log(): Argument #1 ($message) must be of type string, array given in C:\Users\Dell\Local Sites\test-api\app\public\wp-content\themes\twentytwentyfour\functions.php:213
Stack trace:
#0 C:\Users\Dell\Local Sites\test-api\app\public\wp-content\themes\twentytwentyfour\functions.php(213): error_log(Array)
#1 C:\Users\Dell\Local Sites\test-api\app\public\wp-includes\class-wp-hook.php(324): action_on_publishing_post('auto-draft', 'new', Object(WP_Post))
#2 C:\Users\Dell\Local Sites\test-api\app\public\wp-includes\class-wp-hook.php(348): WP_Hook->apply_filters(NULL, Array)
#3 C:\Users\Dell\Local Sites\test-api\app\public\wp-includes\plugin.php(517): WP_Hook->do_action(Array)
#4 C:\Users\Dell\Local Sites\test-api\app\public\wp-includes\post.php(5390): do_action('transition_post...', 'auto-draft', 'new', Object(WP_Post))
#5 C:\Users\Dell\Local Sites\test-api\app\public\wp-includes\post.php(4650): wp_transition_post_status('auto-draft', 'new', Object(WP_Post))
#6 C:\Users\Dell\Local Sites\test-api\app\public\wp-admin\includes\post.php(746): wp_insert_post(Array, false, false)
#7 C:\Users\Dell\Local Sites\test-api\app\public\wp-admin\post-new.php(66): get_default_post_to_edit('product', true)
#8 {main}
  thrown in C:\Users\Dell\Local Sites\test-api\app\public\wp-content\themes\twentytwentyfour\functions.php on line 213

2024-01-16T10:40:22+00:00 CRITICAL syntax error, unexpected token ")", expecting ":" in C:\Users\Dell\Local Sites\test-api\app\public\wp-content\themes\twentytwentyfour\functions.php on line 220

